[debug] [2019-12-28T13:21:16.607Z] ----------------------------------------------------------------------
[debug] [2019-12-28T13:21:16.609Z] Command:       /usr/local/Cellar/node/13.5.0/bin/node /usr/local/bin/firebase serve
[debug] [2019-12-28T13:21:16.610Z] CLI Version:   7.10.0
[debug] [2019-12-28T13:21:16.610Z] Platform:      darwin
[debug] [2019-12-28T13:21:16.610Z] Node Version:  v13.5.0
[debug] [2019-12-28T13:21:16.611Z] Time:          Sat Dec 28 2019 08:21:16 GMT-0500 (Eastern Standard Time)
[debug] [2019-12-28T13:21:16.611Z] ----------------------------------------------------------------------
[debug] [2019-12-28T13:21:16.611Z] 
[debug] [2019-12-28T13:21:16.636Z] > command requires scopes: ["email","openid","https://www.googleapis.com/auth/cloudplatformprojects.readonly","https://www.googleapis.com/auth/firebase","https://www.googleapis.com/auth/cloud-platform"]
[debug] [2019-12-28T13:21:16.636Z] > authorizing via signed-in user
[debug] [2019-12-28T13:21:16.637Z] [iam] checking project resumesite-stefanlehman for permissions ["firebase.projects.get"]
[debug] [2019-12-28T13:21:16.638Z] >>> HTTP REQUEST POST https://cloudresourcemanager.googleapis.com/v1/projects/resumesite-stefanlehman:testIamPermissions  

[debug] [2019-12-28T13:21:17.008Z] <<< HTTP RESPONSE 200
[debug] [2019-12-28T13:21:17.009Z] >>> HTTP REQUEST GET https://firebase.googleapis.com/v1beta1/projects/resumesite-stefanlehman  
 
[debug] [2019-12-28T13:21:17.334Z] <<< HTTP RESPONSE 200
[info] 
[info] === Serving from '/Users/Flanman/Documents/GitHub/stefan-Internship-Website'...
[info] 
[debug] [2019-12-28T13:21:17.337Z] >>> HTTP REQUEST GET https://firebase.googleapis.com/v1beta1/projects/resumesite-stefanlehman/webApps/-/config  
 
[debug] [2019-12-28T13:21:17.811Z] <<< HTTP RESPONSE 200
[info] i  hosting: Serving hosting files from: public
[info] ✔  hosting: Local server: http://localhost:5000
